<?xml version="1.0" encoding="UTF-8"?>
<coverage generated="1651258995614" clover="3.2.0">
  <project timestamp="1651258995614" name="All files">
    <metrics statements="32" coveredstatements="17" conditionals="4" coveredconditionals="2" methods="21" coveredmethods="11" elements="57" coveredelements="30" complexity="0" loc="32" ncloc="32" packages="2" files="5" classes="5"/>
    <package name="components">
      <metrics statements="3" coveredstatements="2" conditionals="0" coveredconditionals="0" methods="3" coveredmethods="2"/>
      <file name="BurrowCards.js" path="/Users/learnacademy/Desktop/Rabbit-Hole/app/javascript/components/components/BurrowCards.js">
        <metrics statements="3" coveredstatements="2" conditionals="0" coveredconditionals="0" methods="3" coveredmethods="2"/>
        <line num="15" count="1" type="stmt"/>
        <line num="19" count="1" type="stmt"/>
        <line num="22" count="0" type="stmt"/>
      </file>
    </package>
    <package name="pages">
      <metrics statements="29" coveredstatements="15" conditionals="4" coveredconditionals="2" methods="18" coveredmethods="9"/>
      <file name="AboutUs.js" path="/Users/learnacademy/Desktop/Rabbit-Hole/app/javascript/components/pages/AboutUs.js">
        <metrics statements="2" coveredstatements="2" conditionals="0" coveredconditionals="0" methods="2" coveredmethods="2"/>
        <line num="18" count="1" type="stmt"/>
        <line num="21" count="1" type="stmt"/>
      </file>
      <file name="Home.js" path="/Users/learnacademy/Desktop/Rabbit-Hole/app/javascript/components/pages/Home.js">
        <metrics statements="9" coveredstatements="5" conditionals="2" coveredconditionals="1" methods="6" coveredmethods="3"/>
        <line num="7" count="1" type="stmt"/>
        <line num="8" count="1" type="stmt"/>
        <line num="16" count="1" type="stmt"/>
        <line num="17" count="0" type="stmt"/>
        <line num="19" count="0" type="stmt"/>
        <line num="24" count="0" type="stmt"/>
        <line num="28" count="1" type="stmt"/>
        <line num="29" count="1" type="cond" truecount="1" falsecount="1"/>
        <line num="30" count="0" type="stmt"/>
      </file>
      <file name="NewPost.js" path="/Users/learnacademy/Desktop/Rabbit-Hole/app/javascript/components/pages/NewPost.js">
        <metrics statements="16" coveredstatements="6" conditionals="2" coveredconditionals="1" methods="8" coveredmethods="2"/>
        <line num="7" count="1" type="stmt"/>
        <line num="8" count="1" type="stmt"/>
        <line num="16" count="1" type="stmt"/>
        <line num="17" count="0" type="stmt"/>
        <line num="18" count="0" type="stmt"/>
        <line num="19" count="0" type="stmt"/>
        <line num="22" count="1" type="stmt"/>
        <line num="23" count="0" type="stmt"/>
        <line num="24" count="0" type="stmt"/>
        <line num="25" count="0" type="stmt"/>
        <line num="29" count="1" type="stmt"/>
        <line num="30" count="0" type="stmt"/>
        <line num="37" count="0" type="stmt"/>
        <line num="39" count="0" type="stmt"/>
        <line num="40" count="0" type="stmt"/>
        <line num="44" count="1" type="stmt"/>
      </file>
      <file name="NotFound.js" path="/Users/learnacademy/Desktop/Rabbit-Hole/app/javascript/components/pages/NotFound.js">
        <metrics statements="2" coveredstatements="2" conditionals="0" coveredconditionals="0" methods="2" coveredmethods="2"/>
        <line num="12" count="1" type="stmt"/>
        <line num="15" count="1" type="stmt"/>
      </file>
    </package>
  </project>
</coverage>
