{"/Users/learnacademy/Desktop/Rabbit-Hole/app/javascript/components/components/BurrowCards.js": {"path":"/Users/learnacademy/Desktop/Rabbit-Hole/app/javascript/components/components/BurrowCards.js","statementMap":{"0":{"start":{"line":15,"column":4},"end":{"line":15,"column":17}},"1":{"start":{"line":19,"column":4},"end":{"line":41,"column":6}},"2":{"start":{"line":22,"column":8},"end":{"line":38,"column":15}}},"fnMap":{"0":{"name":"(anonymous_0)","decl":{"start":{"line":14,"column":2},"end":{"line":14,"column":3}},"loc":{"start":{"line":14,"column":21},"end":{"line":16,"column":3}},"line":14},"1":{"name":"(anonymous_1)","decl":{"start":{"line":18,"column":2},"end":{"line":18,"column":3}},"loc":{"start":{"line":18,"column":11},"end":{"line":42,"column":3}},"line":18},"2":{"name":"(anonymous_2)","decl":{"start":{"line":21,"column":30},"end":{"line":21,"column":31}},"loc":{"start":{"line":22,"column":8},"end":{"line":38,"column":15}},"line":22}},"branchMap":{},"s":{"0":0,"1":0,"2":0},"f":{"0":0,"1":0,"2":0},"b":{},"_coverageSchema":"1a1c01bbd47fc00a2c39e90264f33305004495a9","hash":"21bce573ac7a58ed91f1e0b05cf6e377e999817c"}
,"/Users/learnacademy/Desktop/Rabbit-Hole/app/javascript/components/pages/AboutUs.js": {"path":"/Users/learnacademy/Desktop/Rabbit-Hole/app/javascript/components/pages/AboutUs.js","statementMap":{"0":{"start":{"line":18,"column":4},"end":{"line":18,"column":12}},"1":{"start":{"line":21,"column":4},"end":{"line":119,"column":6}}},"fnMap":{"0":{"name":"(anonymous_0)","decl":{"start":{"line":17,"column":2},"end":{"line":17,"column":3}},"loc":{"start":{"line":17,"column":16},"end":{"line":19,"column":3}},"line":17},"1":{"name":"(anonymous_1)","decl":{"start":{"line":20,"column":2},"end":{"line":20,"column":3}},"loc":{"start":{"line":20,"column":11},"end":{"line":120,"column":3}},"line":20}},"branchMap":{},"s":{"0":1,"1":1},"f":{"0":1,"1":1},"b":{},"_coverageSchema":"1a1c01bbd47fc00a2c39e90264f33305004495a9","hash":"522787b846cc114bc5cb989cb45f586445d8f3b2"}
,"/Users/learnacademy/Desktop/Rabbit-Hole/app/javascript/components/pages/Home.js": {"path":"/Users/learnacademy/Desktop/Rabbit-Hole/app/javascript/components/pages/Home.js","statementMap":{"0":{"start":{"line":6,"column":4},"end":{"line":6,"column":17}},"1":{"start":{"line":7,"column":4},"end":{"line":11,"column":6}},"2":{"start":{"line":15,"column":4},"end":{"line":23,"column":57}},"3":{"start":{"line":16,"column":26},"end":{"line":16,"column":41}},"4":{"start":{"line":18,"column":8},"end":{"line":21,"column":11}},"5":{"start":{"line":23,"column":25},"end":{"line":23,"column":55}},"6":{"start":{"line":27,"column":25},"end":{"line":27,"column":35}},"7":{"start":{"line":28,"column":4},"end":{"line":35,"column":5}},"8":{"start":{"line":29,"column":6},"end":{"line":34,"column":8}}},"fnMap":{"0":{"name":"(anonymous_0)","decl":{"start":{"line":5,"column":2},"end":{"line":5,"column":3}},"loc":{"start":{"line":5,"column":21},"end":{"line":12,"column":3}},"line":5},"1":{"name":"(anonymous_1)","decl":{"start":{"line":14,"column":2},"end":{"line":14,"column":3}},"loc":{"start":{"line":14,"column":22},"end":{"line":24,"column":3}},"line":14},"2":{"name":"(anonymous_2)","decl":{"start":{"line":16,"column":12},"end":{"line":16,"column":13}},"loc":{"start":{"line":16,"column":26},"end":{"line":16,"column":41}},"line":16},"3":{"name":"(anonymous_3)","decl":{"start":{"line":17,"column":12},"end":{"line":17,"column":13}},"loc":{"start":{"line":17,"column":25},"end":{"line":22,"column":7}},"line":17},"4":{"name":"(anonymous_4)","decl":{"start":{"line":23,"column":13},"end":{"line":23,"column":14}},"loc":{"start":{"line":23,"column":25},"end":{"line":23,"column":55}},"line":23},"5":{"name":"(anonymous_5)","decl":{"start":{"line":26,"column":2},"end":{"line":26,"column":3}},"loc":{"start":{"line":26,"column":11},"end":{"line":36,"column":3}},"line":26}},"branchMap":{"0":{"loc":{"start":{"line":28,"column":4},"end":{"line":35,"column":5}},"type":"if","locations":[{"start":{"line":28,"column":4},"end":{"line":35,"column":5}},{"start":{},"end":{}}],"line":28}},"s":{"0":1,"1":1,"2":1,"3":0,"4":0,"5":0,"6":1,"7":1,"8":0},"f":{"0":1,"1":1,"2":0,"3":0,"4":0,"5":1},"b":{"0":[0,1]},"_coverageSchema":"1a1c01bbd47fc00a2c39e90264f33305004495a9","hash":"1504deb479de52f6c3908cb94f738ca796d2db1d"}
,"/Users/learnacademy/Desktop/Rabbit-Hole/app/javascript/components/pages/NotFound.js": {"path":"/Users/learnacademy/Desktop/Rabbit-Hole/app/javascript/components/pages/NotFound.js","statementMap":{"0":{"start":{"line":12,"column":4},"end":{"line":12,"column":12}},"1":{"start":{"line":15,"column":4},"end":{"line":42,"column":6}}},"fnMap":{"0":{"name":"(anonymous_0)","decl":{"start":{"line":11,"column":2},"end":{"line":11,"column":3}},"loc":{"start":{"line":11,"column":16},"end":{"line":13,"column":3}},"line":11},"1":{"name":"(anonymous_1)","decl":{"start":{"line":14,"column":2},"end":{"line":14,"column":3}},"loc":{"start":{"line":14,"column":11},"end":{"line":43,"column":3}},"line":14}},"branchMap":{},"s":{"0":1,"1":1},"f":{"0":1,"1":1},"b":{},"_coverageSchema":"1a1c01bbd47fc00a2c39e90264f33305004495a9","hash":"d6a81ff6a6c8b4adc5c159d5d59b8887b3e3d829"}
}
